<?xml version="1.0" encoding="UTF-8"?>
<!-- Generated by org.testng.reporters.JUnitReportReporter -->
<testsuite hostname="LAPTOP-REV335BT" failures="0" tests="1" name="RestAssured_Automation.RestAssured_Automation.DeleteReq_Test" time="1.964" errors="0" timestamp="04 Nov 2024 17:34:27 GMT" skipped="0">
  <testcase classname="RestAssured_Automation.RestAssured_Automation.DeleteReq_Test" name="Delete_Req" time="1.964"/>
</testsuite> <!-- RestAssured_Automation.RestAssured_Automation.DeleteReq_Test -->
