<?xml version="1.0" encoding="UTF-8"?>
<!-- Generated by org.testng.reporters.JUnitReportReporter -->
<testsuite hostname="LAPTOP-REV335BT" failures="0" tests="1" name="RestAssured_Automation.RestAssured_Automation.PutReq_Test" time="2.082" errors="0" timestamp="04 Nov 2024 17:29:27 GMT" skipped="0">
  <testcase classname="RestAssured_Automation.RestAssured_Automation.PutReq_Test" name="PUT" time="2.082"/>
</testsuite> <!-- RestAssured_Automation.RestAssured_Automation.PutReq_Test -->
