<?xml version="1.0" encoding="UTF-8"?>
<!-- Generated by org.testng.reporters.JUnitReportReporter -->
<testsuite hostname="LAPTOP-REV335BT" failures="0" tests="1" name="RestAssured_Automation.RestAssured_Automation.PostReq_Test" time="1.985" errors="0" timestamp="04 Nov 2024 17:14:29 GMT" skipped="0">
  <testcase classname="RestAssured_Automation.RestAssured_Automation.PostReq_Test" name="post" time="1.985"/>
</testsuite> <!-- RestAssured_Automation.RestAssured_Automation.PostReq_Test -->
